<?xml version="1.0" encoding="UTF-8"?>
<!-- Generated by org.testng.reporters.JUnitXMLReporter -->
<testsuite hostname="Galil3" name="Default test" tests="5" failures="0" timestamp="21 Oct 2015 10:57:23 GMT" time="0.029" errors="0">
  <testcase name="f1" time="0.01" classname="tests.NewTest"/>
  <testcase name="f2" time="0.0" classname="tests.NewTest"/>
  <testcase name="f3" time="0.0" classname="tests.NewTest"/>
  <testcase name="f4" time="0.0" classname="tests.NewTest"/>
  <testcase name="f5" time="0.0" classname="tests.NewTest"/>
</testsuite> <!-- Default test -->
