<?xml version="1.0" encoding="UTF-8"?>
<testng-results skipped="0" failed="0" total="1" passed="1">
  <reporter-output>
  </reporter-output>
  <suite name="Default suite" duration-ms="22" started-at="2015-10-21T14:14:36Z" finished-at="2015-10-21T14:14:36Z">
    <groups>
    </groups>
    <test name="Default test" duration-ms="22" started-at="2015-10-21T14:14:36Z" finished-at="2015-10-21T14:14:36Z">
      <class name="tests.NewTest">
        <test-method status="PASS" signature="f4()[pri:0, instance:tests.NewTest@15f2cff0]" name="f4" duration-ms="10" started-at="2015-10-21T17:14:36Z" finished-at="2015-10-21T17:14:36Z">
          <reporter-output>
          </reporter-output>
        </test-method> <!-- f4 -->
      </class> <!-- tests.NewTest -->
    </test> <!-- Default test -->
  </suite> <!-- Default suite -->
</testng-results>
